JvmtiExport can_access_local_variables 0
JvmtiExport can_hotswap_or_post_breakpoint 0
JvmtiExport can_post_on_exceptions 0
# 237 ciObject found
ciInstanceKlass java/lang/StringUTF16 1 1 598 100 1 7 1 10 100 12 1 1 1 100 1 10 7 1 3 100 1 100 1 10 8 1 10 12 1 1 10 12 1 8 1 10 12 1 1 10 12 1 9 12 1 1 10 12 1 1 100 1 8 1 10 12 1 9 12 1 1 9 12 1 10 10 12 1 1 10 12 1 1 10 100 12 1 1 1 10 12 1 10 12 1 1 10 12 1 1 10 12 1 1 10 12 1 1 10 12 1 10 12 1 1 10 12 1 1 10 12 1 1 10 12 1 1 10 12 1 10 12 1 10 12 1 1 10 12 1 100 1 10 12 1 10 10 12 1 1 10 12 1 10 12 1 1 10 12 1 10 100 12 1 1 1 10 100 12 1 1 1 10 12 10 12 1 1 10 12 1 10 12 1 1 10 12 1 1 10 12 1 10 12 1 10 12 1 3 10 12 1 1 10 12 1 10 12 1 10 12 1 10 12 1 10 12 1 10 12 1 1 9 12 1 10 12 1 10 12 1 10 12 1 10 12 1 10 12 1 10 10 12 10 12 10 10 100 12 1 1 1 10 7 12 1 1 1 10 12 1 10 12 1 100 1 8 1 8 1 10 12 1 1 100 1 10 10 100 12 1 1 1 10 100 12 1 1 8 1 8 1 8 1 10 12 1 1 10 12 1 1 10 12 10 12 1 10 100 12 1 1 10 12 1 1 10 12 1 1 10 12 1 10 12 10 12 10 12 1 10 12 10 12 1 10 12 1 10 12 1 10 12 1 10 12 1 10 100 12 1 1 1 10 100 12 1 1 1 10 12 1 1 10 12 1 1 11 100 12 1 1 10 12 1 10 12 1 10 12 1 1 9 12 1 1 9 12 1 5 0 5 0 10 12 1 10 12 10 12 10 7 12 1 1 1 10 12 1 1 1 1 1 1 1 1 1 1 1 1 1 1 1 1 1 1 1 1 1 1 1 1 1 1 1 1 1 1 1 100 1 1 1 1 1 1 1 1 1 1 1 1 1 1 1 1 1 1 1 1 1 1 1 1 1 1 1 1 1 1 1 1 1 1 1 1 1 1 1 1 1 1 1 1 1 1 1 1 1 1 1 1 1 1 1 1 1 1 1 1 1 1 1 1 1 1 1 1 1 1 1 1 1 1 1 1 1 1 1 1 1 1 100 1 1 1 1 1 1 1 1 1 1 1 1 1 1 1 1 1 100 1 1 1 1 1 1 1 1 1 1 1 1 1 1 1 1 1 1 1 1 1 1 1 1 1 1 1 1 1 1 1 1 1 1 1 1 1 1 1 1 1 1 1 1 1 1 1 1 1 1 1 1 1 1 1 1 1 1 1 1 1 100 1 100 1 1 1 1 1
staticfield java/lang/StringUTF16 HI_BYTE_SHIFT I 0
staticfield java/lang/StringUTF16 LO_BYTE_SHIFT I 8
staticfield java/lang/StringUTF16 $assertionsDisabled Z 1
instanceKlass java/util/ArrayList$ListItr
ciInstanceKlass java/util/ArrayList$Itr 1 1 103 9 7 12 1 1 1 10 7 12 1 1 1 9 12 1 1 9 7 12 1 1 9 12 1 9 12 1 9 12 1 10 12 1 100 1 10 9 12 1 1 100 1 10 100 1 10 10 12 1 1 100 1 10 100 12 1 1 1 10 12 1 1 11 100 12 1 1 1 100 1 1 1 1 1 1 1 1 1 1 1 1 1 1 1 100 1 1 1 1 1 1 1 1 1 1 1 1 1 1 1 1 1
instanceKlass org/jetbrains/kotlin/cli/common/messages/CompilerMessageLocationWithRange$Companion
instanceKlass org/jetbrains/kotlin/cli/common/messages/CompilerMessageLocationWithRange
instanceKlass org/jetbrains/kotlin/cli/common/messages/CompilerMessageSourceLocation
instanceKlass org/jetbrains/kotlin/gradle/logging/GradleBufferingMessageCollector$MessageData
instanceKlass org/jetbrains/kotlin/daemon/client/BasicCompilerServicesWithResultsFacadeServerKt$WhenMappings
instanceKlass org/jetbrains/kotlin/daemon/client/BasicCompilerServicesWithResultsFacadeServerKt
instanceKlass org/jetbrains/kotlin/compilerRunner/GradleCompilerServicesFacadeImpl$WhenMappings
instanceKlass org/jetbrains/kotlin/build/report/metrics/BuildMetrics$Companion
instanceKlass org/jetbrains/kotlin/daemon/common/CompileIterationResult$Companion
instanceKlass org/jetbrains/kotlin/daemon/common/CompileIterationResult
instanceKlass java/util/IdentityHashMap$EntryIterator$Entry
instanceKlass com/android/tools/r8/dex/T
instanceKlass com/android/tools/r8/dex/U
instanceKlass sun/rmi/transport/SequenceEntry
instanceKlass sun/rmi/transport/DGCImpl$1
instanceKlass sun/rmi/transport/DGCImpl$LeaseInfo
instanceKlass sun/rmi/transport/Transport$1
instanceKlass sun/rmi/transport/tcp/TCPTransport$ConnectionHandler
instanceKlass sun/rmi/transport/DGCAckHandler$1
instanceKlass org/jetbrains/kotlin/build/report/metrics/BuildMetrics
instanceKlass sun/rmi/transport/DGCAckHandler
instanceKlass sun/rmi/server/UnicastServerRef$HashToMethod_Maps$1
instanceKlass sun/rmi/transport/ObjectTable$Reaper
instanceKlass sun/rmi/transport/tcp/TCPTransport$AcceptLoop
instanceKlass sun/rmi/server/Util$1
instanceKlass org/jetbrains/kotlin/daemon/common/LoopbackNetworkInterface$ServerLoopbackSocketFactory
instanceKlass org/jetbrains/kotlin/daemon/common/IncrementalCompilerServicesFacade
instanceKlass org/jetbrains/kotlin/daemon/common/IncrementalCompilationOptions$Companion
instanceKlass org/jetbrains/kotlin/daemon/common/ReportSeverity$Companion
instanceKlass org/jetbrains/kotlin/daemon/common/ReportCategory$Companion
instanceKlass org/jetbrains/kotlin/compilerRunner/GradleKotlinCompilerWork$WhenMappings
instanceKlass org/jetbrains/kotlin/gradle/logging/GradleBufferingMessageCollector
instanceKlass org/jetbrains/kotlin/gradle/logging/GradlePrintingMessageCollector$WhenMappings
instanceKlass org/jetbrains/kotlin/cli/common/messages/GradleStyleMessageRenderer$WhenMappings
instanceKlass org/jetbrains/kotlin/cli/common/messages/MessageCollector$Companion$NONE$1
instanceKlass org/jetbrains/kotlin/cli/common/messages/MessageCollector$Companion
instanceKlass org/jetbrains/kotlin/compilerRunner/KotlinCompilerRunnerUtils$WhenMappings
instanceKlass org/jetbrains/kotlin/daemon/client/CompileServiceSession
instanceKlass org/jetbrains/kotlin/daemon/client/KotlinCompilerClient$tryFindSuitableDaemonOrNewOpts$$inlined$thenBy$1
instanceKlass org/jetbrains/kotlin/daemon/common/FileAgeComparator
instanceKlass org/jetbrains/kotlin/daemon/client/KotlinCompilerClient$tryFindSuitableDaemonOrNewOpts$$inlined$compareBy$1
instanceKlass org/jetbrains/kotlin/daemon/common/DaemonJVMOptionsMemoryComparator
instanceKlass sun/rmi/server/WeakClassHashMap$ValueCell
instanceKlass org/jetbrains/kotlin/daemon/common/DaemonWithMetadata
instanceKlass sun/rmi/transport/ObjectEndpoint
instanceKlass sun/rmi/transport/ObjectTable
instanceKlass sun/rmi/transport/Target
instanceKlass sun/rmi/transport/DGCImpl$2$1
instanceKlass sun/rmi/transport/DGCImpl_Skel
instanceKlass java/rmi/server/Skeleton
instanceKlass sun/rmi/server/Dispatcher
instanceKlass java/rmi/server/ServerRef
instanceKlass sun/rmi/transport/DGCImpl$2
instanceKlass sun/rmi/transport/DGCClient$EndpointEntry$1
instanceKlass java/io/ObjectInputStream$Logging
instanceKlass java/io/ObjectInputStream$FilterValues
instanceKlass java/io/ObjectInputFilter$FilterInfo
instanceKlass java/rmi/dgc/Lease
instanceKlass sun/rmi/transport/DGCClient$EndpointEntry$RefEntry
instanceKlass sun/rmi/transport/GC$Daemon$1
instanceKlass sun/rmi/transport/GC$Daemon
instanceKlass sun/rmi/transport/GC$LatencyRequest
instanceKlass sun/rmi/transport/GC$1
instanceKlass sun/rmi/transport/GC$LatencyLock
instanceKlass sun/rmi/transport/GC
instanceKlass sun/rmi/transport/DGCClient$EndpointEntry$RenewCleanThread
instanceKlass sun/rmi/transport/DGCImpl
instanceKlass java/rmi/dgc/DGC
instanceKlass sun/rmi/transport/DGCClient$EndpointEntry
instanceKlass java/net/SocketPermissionCollection$1
instanceKlass java/rmi/dgc/VMID
instanceKlass sun/rmi/transport/DGCClient
instanceKlass sun/rmi/runtime/NewThreadAction$2
instanceKlass sun/rmi/runtime/NewThreadAction$1
instanceKlass sun/rmi/runtime/NewThreadAction
instanceKlass sun/rmi/transport/tcp/TCPChannel$1
instanceKlass sun/rmi/server/WeakClassHashMap
instanceKlass org/jetbrains/kotlin/cli/common/repl/ReplCodeLine$Companion
instanceKlass org/jetbrains/kotlin/daemon/common/CompilationOptions$Companion
instanceKlass org/jetbrains/kotlin/daemon/common/CompileService$Companion
instanceKlass org/jetbrains/kotlin/cli/common/repl/ReplCodeLine
instanceKlass org/jetbrains/kotlin/daemon/common/CompilationResults
instanceKlass org/jetbrains/kotlin/daemon/common/CompilerServicesFacadeBase
instanceKlass org/jetbrains/kotlin/daemon/common/CompilationOptions
instanceKlass org/jetbrains/kotlin/daemon/common/CompileService$CallResult
instanceKlass org/jetbrains/kotlin/daemon/common/CompileService
instanceKlass sun/rmi/server/LoaderHandler
instanceKlass java/rmi/server/RMIClassLoader$1
instanceKlass java/rmi/server/RMIClassLoaderSpi
instanceKlass java/rmi/server/RMIClassLoader
instanceKlass java/io/ObjectInputStream$Caches
instanceKlass sun/rmi/server/MarshalOutputStream$1
instanceKlass sun/rmi/transport/StreamRemoteCall
instanceKlass java/rmi/server/RemoteCall
instanceKlass sun/nio/cs/ThreadLocalCoders$Cache
instanceKlass sun/nio/cs/ThreadLocalCoders
instanceKlass org/apache/commons/io/Charsets
instanceKlass org/apache/commons/io/IOUtils
instanceKlass org/apache/commons/io/file/DeleteOption
instanceKlass org/apache/commons/io/file/PathUtils
instanceKlass org/apache/commons/io/filefilter/IOFileFilter
instanceKlass org/apache/commons/io/file/PathFilter
instanceKlass org/apache/commons/io/FileUtils
instanceKlass com/google/gson/internal/Streams
instanceKlass com/android/build/gradle/internal/signing/SigningConfigVersions$Companion
instanceKlass com/android/build/gradle/internal/signing/SigningConfigVersions
instanceKlass com/google/common/io/Files$2
instanceKlass com/google/common/io/ByteSource
instanceKlass com/google/common/io/ByteSink
instanceKlass com/google/common/io/LineProcessor
instanceKlass com/google/common/graph/SuccessorsFunction
instanceKlass com/google/common/io/Files
instanceKlass com/android/builder/utils/ExceptionFunction
instanceKlass com/android/build/gradle/internal/tasks/ValidateSigningTask$createDefaultDebugKeystoreIfNeeded$1
instanceKlass com/android/builder/utils/ExceptionConsumer
instanceKlass com/google/common/reflect/Types$ClassOwnership$1LocalClass
instanceKlass com/google/common/reflect/Types$ParameterizedTypeImpl
instanceKlass com/google/common/reflect/Reflection
instanceKlass com/google/common/reflect/Types$TypeVariableInvocationHandler
instanceKlass com/google/common/reflect/Types$TypeVariableImpl
instanceKlass org/gradle/internal/serialize/Message
instanceKlass com/google/common/reflect/Types
instanceKlass com/google/common/reflect/Types$NativeTypeVariableEquals
instanceKlass com/google/common/reflect/TypeResolver$TypeVariableKey
instanceKlass com/google/common/reflect/TypeResolver$TypeTable
instanceKlass com/google/common/reflect/TypeResolver
instanceKlass com/android/utils/JvmWideVariable$ValueWrapper
instanceKlass com/android/utils/JvmWideVariable$ValueWrapperMBean
instanceKlass com/android/build/gradle/internal/cxx/stripping/SymbolStripExecutableFinder$Companion
instanceKlass com/android/utils/JvmWideVariable
instanceKlass com/android/build/gradle/internal/ndk/NdkInstallStatus
instanceKlass com/android/build/gradle/internal/cxx/logging/ThreadLoggingEnvironment$Companion$BottomLoggingEnvironment$WhenMappings
instanceKlass com/android/build/gradle/internal/cxx/logging/LoggingMessageOrBuilder
instanceKlass com/google/common/reflect/Invokable
instanceKlass com/android/build/gradle/internal/cxx/logging/LoggingMessage$LoggingLevel$1
instanceKlass com/android/utils/concurrency/ReadWriteProcessLock$WriteLock
instanceKlass com/android/build/gradle/internal/cxx/logging/LoggingMessageKt
instanceKlass com/android/utils/concurrency/ReadWriteProcessLock$ReadLock
instanceKlass com/android/build/gradle/internal/cxx/configure/NdkLocatorKt
instanceKlass com/google/common/reflect/TypeCapture
instanceKlass com/android/build/gradle/internal/cxx/stripping/SymbolStripExecutableFinderKt
instanceKlass com/android/build/gradle/internal/SdkComponentsBuildService$VersionedNdkHandler$stripExecutableFinderProvider$1
instanceKlass com/android/build/gradle/internal/SdkComponentsBuildService$VersionedNdkHandler$objcopyExecutableMapProvider$1
instanceKlass com/android/utils/concurrency/ReadWriteProcessLock$Lock
instanceKlass com/android/utils/concurrency/ReadWriteProcessLock
instanceKlass com/android/build/gradle/internal/SdkComponentsBuildService$VersionedNdkHandler$ndkDirectoryProvider$1
instanceKlass com/android/build/gradle/internal/tasks/StripDebugSymbolsRunnable$run$stripToolFinder$1
instanceKlass sun/rmi/transport/tcp/TCPConnection
instanceKlass sun/rmi/transport/Connection
instanceKlass sun/net/spi/DefaultProxySelector$3
instanceKlass sun/net/spi/DefaultProxySelector$NonProxyInfo
instanceKlass sun/net/spi/DefaultProxySelector$1
instanceKlass java/net/ProxySelector
instanceKlass java/net/SocksSocketImpl$3
instanceKlass java/net/SocksConsts
instanceKlass sun/net/PlatformSocketImpl
instanceKlass sun/rmi/runtime/RuntimeUtil$1
instanceKlass sun/rmi/runtime/RuntimeUtil
instanceKlass sun/rmi/runtime/RuntimeUtil$GetInstanceAction
instanceKlass sun/rmi/transport/tcp/TCPChannel
instanceKlass sun/rmi/transport/Channel
instanceKlass java/rmi/server/Operation
instanceKlass java/rmi/server/RemoteObject
instanceKlass java/rmi/registry/Registry
instanceKlass java/rmi/Remote
instanceKlass sun/rmi/server/Util
instanceKlass sun/rmi/server/UnicastRef
instanceKlass java/rmi/server/RemoteRef
instanceKlass java/rmi/server/RMISocketFactory
instanceKlass java/rmi/server/RMIServerSocketFactory
instanceKlass sun/rmi/transport/tcp/TCPTransport$1
instanceKlass java/util/logging/StreamHandler$1
instanceKlass java/util/logging/Handler$1
instanceKlass jdk/internal/logger/SimpleConsoleLogger$Formatting
instanceKlass sun/util/logging/PlatformLogger
instanceKlass java/util/logging/Formatter
instanceKlass com/android/builder/utils/SynchronizedFile
instanceKlass sun/rmi/runtime/Log$LoggerLog$1
instanceKlass sun/rmi/runtime/Log$LoggerLogFactory
instanceKlass sun/rmi/runtime/Log$LogFactory
instanceKlass com/android/build/gradle/internal/tasks/StripDebugSymbolsDelegate$run$1
instanceKlass sun/rmi/runtime/Log
instanceKlass sun/rmi/transport/Transport
instanceKlass sun/rmi/transport/tcp/TCPEndpoint
instanceKlass sun/rmi/transport/Endpoint
instanceKlass java/rmi/server/UID
instanceKlass java/rmi/server/ObjID
instanceKlass com/android/build/gradle/internal/tasks/StripDebugSymbolsDelegate$WhenMappings
instanceKlass sun/rmi/transport/LiveRef
instanceKlass java/rmi/registry/LocateRegistry
instanceKlass org/jetbrains/kotlin/daemon/common/LoopbackNetworkInterface$AbstractClientLoopbackSocketFactory
instanceKlass com/android/build/gradle/internal/tasks/NonIncrementalTask$taskAction$$inlined$recordTaskAction$1
instanceKlass com/android/build/gradle/internal/tasks/UnstrippedLibs
instanceKlass java/rmi/server/RMIClientSocketFactory
instanceKlass org/jetbrains/kotlin/daemon/client/DaemonReportMessage
instanceKlass org/jetbrains/kotlin/daemon/client/KotlinCompilerClientKt
instanceKlass com/android/build/gradle/internal/tasks/ValidateSigningTask$forceRerun$storeFile$1
instanceKlass com/android/build/gradle/internal/cxx/stripping/SymbolStripExecutableFinder
instanceKlass com/android/build/gradle/internal/tasks/StripDebugSymbolsTask$doTaskAction$1
instanceKlass com/android/build/gradle/tasks/IncrementalChangesUtils$WhenMappings
instanceKlass com/android/builder/files/SerializableChange$Companion
instanceKlass com/android/builder/files/SerializableChange
instanceKlass org/gradle/internal/execution/history/changes/DefaultFileChange$1
instanceKlass org/gradle/internal/execution/history/changes/DefaultFileChange
instanceKlass org/gradle/internal/execution/history/changes/NonIncrementalInputChanges$RebuildFileChange
instanceKlass org/gradle/api/tasks/incremental/InputFileDetails
instanceKlass com/android/builder/files/SerializableInputChanges$Companion
instanceKlass com/android/build/gradle/tasks/IncrementalChangesUtils
instanceKlass kotlin/io/FileTreeWalk$FileTreeWalkIterator$WhenMappings
instanceKlass org/jetbrains/kotlin/daemon/common/ClientUtilsKt
instanceKlass org/jetbrains/kotlin/daemon/common/LoopbackNetworkInterface
instanceKlass org/jetbrains/kotlin/daemon/common/NetworkUtilsKt
instanceKlass org/jetbrains/kotlin/daemon/client/KotlinCompilerClient
instanceKlass org/jetbrains/kotlin/daemon/common/DummyProfiler
instanceKlass org/jetbrains/kotlin/daemon/common/Profiler
instanceKlass org/jetbrains/kotlin/daemon/client/DaemonReportingTargets
instanceKlass org/jetbrains/kotlin/daemon/common/FileSystemUtilsKt
instanceKlass org/jetbrains/kotlin/daemon/common/FileSystem$WhenMappings
instanceKlass org/jetbrains/kotlin/daemon/common/OSKind$Companion
instanceKlass org/jetbrains/kotlin/daemon/common/FileSystem
instanceKlass org/jetbrains/kotlin/daemon/common/DaemonOptions
instanceKlass org/jetbrains/kotlin/compilerRunner/KotlinCompilerRunnerUtils
instanceKlass org/jetbrains/kotlin/daemon/common/PropMapper
instanceKlass org/jetbrains/kotlin/daemon/common/DaemonJVMOptions
instanceKlass org/jetbrains/kotlin/daemon/common/DaemonParamsKt
instanceKlass org/jetbrains/kotlin/daemon/common/CompilerId$Companion
instanceKlass org/jetbrains/kotlin/daemon/common/CompilerId
instanceKlass org/jetbrains/kotlin/daemon/common/OptionsGroup
instanceKlass org/jetbrains/kotlin/compilerRunner/GradleKotlinCompilerWork
instanceKlass org/jetbrains/kotlin/compilerRunner/GradleCompilerRunnerWithWorkers$GradleKotlinCompilerWorkParameters$Inject
instanceKlass org/jetbrains/kotlin/gradle/report/BuildScanSettings
instanceKlass org/jetbrains/kotlin/build/report/HttpReportSettings
instanceKlass org/jetbrains/kotlin/build/report/FileReportSettings
instanceKlass org/jetbrains/kotlin/compilerRunner/GradleCompilerRunnerWithWorkers$GradleKotlinCompilerWorkParameters_Decorated
instanceKlass org/jetbrains/kotlin/compilerRunner/GradleCompilerRunnerWithWorkers$GradleKotlinCompilerWorkParameters
instanceKlass org/jetbrains/kotlin/compilerRunner/GradleCompilerRunnerWithWorkers$sam$org_gradle_api_Action$0
instanceKlass org/jetbrains/kotlin/compilerRunner/GradleCompilerRunnerWithWorkers$GradleKotlinCompilerWorkAction
instanceKlass java/nio/file/TempFileHelper
instanceKlass org/jetbrains/kotlin/compilerRunner/ProjectFilesForCompilation$Companion
instanceKlass org/jetbrains/kotlin/compilerRunner/ProjectFilesForCompilation
instanceKlass org/jetbrains/kotlin/compilerRunner/GradleKotlinCompilerWorkArguments$Companion
instanceKlass org/jetbrains/kotlin/compilerRunner/GradleKotlinCompilerWorkArguments
instanceKlass org/jetbrains/kotlin/incremental/IncrementalModuleInfo$Companion
instanceKlass org/jetbrains/kotlin/gradle/dsl/KotlinJsCompile
instanceKlass org/jetbrains/kotlin/gradle/targets/js/internal/UsesLibraryFilterCachingService
instanceKlass org/jetbrains/kotlin/incremental/IncrementalModuleEntry$Companion
instanceKlass org/jetbrains/kotlin/incremental/IncrementalModuleEntry
instanceKlass kotlin/reflect/KMutableProperty1$Setter
instanceKlass org/jetbrains/kotlin/cli/common/arguments/ParseCommandLineArgumentsKt$parsePreprocessedCommandLineArguments$ArgumentField
instanceKlass org/jetbrains/kotlin/cli/common/arguments/PreprocessCommandLineArgumentsKt
instanceKlass org/jetbrains/kotlin/compilerRunner/ArgumentUtils
instanceKlass org/jetbrains/kotlin/config/Services$Builder
instanceKlass org/jetbrains/kotlin/config/Services$Companion
instanceKlass org/jetbrains/kotlin/config/Services
instanceKlass org/jetbrains/kotlin/compilerRunner/CompilerEnvironment
instanceKlass org/gradle/api/internal/file/DefaultFilePropertyFactory$PathToFileTransformer
instanceKlass org/jetbrains/kotlin/daemon/common/MultiModuleICSettings$Companion
instanceKlass org/jetbrains/kotlin/incremental/ClasspathSnapshotFiles$Companion
instanceKlass org/jetbrains/kotlin/incremental/ClasspathSnapshotFiles
instanceKlass org/jetbrains/kotlin/incremental/ChangedFiles$Companion
instanceKlass org/jetbrains/kotlin/compilerRunner/IncrementalCompilationEnvironment$Companion
instanceKlass org/jetbrains/kotlin/compilerRunner/IncrementalCompilationEnvironment
instanceKlass org/jetbrains/kotlin/compilerRunner/GradleKotlinCompilerRunnerKt
instanceKlass org/jetbrains/kotlin/gradle/tasks/CompileUsingKotlinDaemonWithNormalization$sam$org_gradle_api_Transformer$0
instanceKlass org/jetbrains/kotlin/gradle/tasks/CompileUsingKotlinDaemonWithNormalization$DefaultImpls
instanceKlass org/jetbrains/kotlin/compilerRunner/CompilerExecutionSettings$Companion
instanceKlass org/jetbrains/kotlin/compilerRunner/CompilerExecutionSettings
instanceKlass org/jetbrains/kotlin/gradle/tasks/AbstractKotlinCompile$sam$java_util_function_BiFunction$0
instanceKlass org/jetbrains/kotlin/compilerRunner/OutputItemsCollectorImpl
instanceKlass org/jetbrains/kotlin/compilerRunner/OutputItemsCollector
instanceKlass org/jetbrains/kotlin/gradle/logging/GradleErrorMessageCollector
instanceKlass org/jetbrains/kotlin/cli/common/messages/GradleStyleMessageRenderer
instanceKlass org/jetbrains/kotlin/cli/common/messages/MessageRenderer
instanceKlass org/jetbrains/kotlin/gradle/logging/GradlePrintingMessageCollector
instanceKlass com/android/build/gradle/api/TestedComponentIdentifier
instanceKlass com/android/build/gradle/internal/dependency/ArtifactCollectionWithExtraArtifact$ExtraComponentIdentifierImpl
instanceKlass com/android/build/gradle/internal/dependency/ArtifactCollectionWithExtraArtifact$ExtraComponentIdentifier
instanceKlass com/android/build/gradle/internal/dependency/ArtifactCollectionWithExtraArtifact$ExtraComponentArtifactIdentifier
instanceKlass org/jetbrains/kotlin/gradle/plugin/KotlinCompilerArgumentsProducer$DefaultImpls
instanceKlass org/gradle/api/internal/file/AbstractFileTreeElement
instanceKlass org/gradle/api/file/FileVisitDetails
instanceKlass org/gradle/api/internal/file/AttributeBasedFileVisitDetailsFactory
instanceKlass java/nio/file/FileTreeWalker$1
instanceKlass org/gradle/api/internal/file/collections/PathVisitor
instanceKlass org/gradle/api/file/ReproducibleFileVisitor
instanceKlass kotlin/collections/AbstractIterator$WhenMappings
instanceKlass kotlin/io/FileTreeWalk$WalkState
instanceKlass kotlin/collections/AbstractIterator
instanceKlass kotlin/io/FileTreeWalk
instanceKlass org/jetbrains/kotlin/incremental/FileUtilsKt
instanceKlass org/jetbrains/kotlin/gradle/internal/tasks/TaskWithLocalStateKt
instanceKlass org/jetbrains/kotlin/gradle/tasks/TasksUtilsKt
instanceKlass org/jetbrains/kotlin/compilerRunner/CompilerSystemPropertiesService$Parameters$Inject
instanceKlass org/jetbrains/kotlin/build/report/metrics/BuildMetricsReporterImpl$WhenMappings
instanceKlass org/gradle/execution/plan/ExecutionNodeAccessHierarchy$FilteredNodeAccess
instanceKlass org/gradle/execution/plan/MissingTaskDependencyDetector$FilteredTree
instanceKlass org/jetbrains/org/objectweb/asm/TypePath
instanceKlass org/jetbrains/org/objectweb/asm/TypeReference
instanceKlass com/android/tools/r8/internal/KA
instanceKlass com/android/tools/r8/graph/p0
instanceKlass org/jetbrains/kotlin/metadata/ProtoBuf$1
instanceKlass org/jetbrains/kotlin/metadata/ProtoBuf$Effect$InvocationKind$1
instanceKlass org/jetbrains/kotlin/metadata/ProtoBuf$Expression$ConstantValue$1
instanceKlass org/jetbrains/kotlin/metadata/ProtoBuf$ExpressionOrBuilder
instanceKlass org/jetbrains/kotlin/metadata/ProtoBuf$Effect$EffectType$1
instanceKlass org/jetbrains/org/objectweb/asm/tree/ParameterNode
instanceKlass org/jetbrains/kotlin/metadata/ProtoBuf$EffectOrBuilder
instanceKlass org/jetbrains/org/objectweb/asm/tree/TryCatchBlockNode
instanceKlass com/android/tools/r8/dex/A
instanceKlass com/android/tools/r8/dex/code/A1
instanceKlass com/android/tools/r8/dex/code/N
instanceKlass com/android/tools/r8/dex/B
instanceKlass com/android/tools/r8/dex/z
instanceKlass java/util/concurrent/ForkJoinPool$DefaultForkJoinWorkerThreadFactory$1
instanceKlass java/util/concurrent/ForkJoinTask$Aux
instanceKlass java/util/concurrent/ForkJoinTask
instanceKlass org/jetbrains/kotlin/metadata/ProtoBuf$EnumEntryOrBuilder
instanceKlass org/jetbrains/kotlin/metadata/ProtoBuf$Annotation$Argument$Value$Type$1
instanceKlass org/jetbrains/kotlin/metadata/ProtoBuf$Annotation$Argument$ValueOrBuilder
instanceKlass org/jetbrains/kotlin/metadata/ProtoBuf$Annotation$ArgumentOrBuilder
instanceKlass org/jetbrains/org/objectweb/asm/Opcodes
instanceKlass org/jetbrains/kotlin/incremental/storage/JvmMethodSignatureExternalizer
instanceKlass org/jetbrains/org/objectweb/asm/Handler
instanceKlass org/jetbrains/org/objectweb/asm/tree/LocalVariableNode
instanceKlass org/jetbrains/kotlin/metadata/jvm/deserialization/ClassMapperLite
instanceKlass org/jetbrains/kotlin/metadata/deserialization/ProtoTypeTableUtilKt
instanceKlass org/jetbrains/kotlin/cli/common/ModuleVisibilityHelperImpl
instanceKlass org/jetbrains/kotlin/metadata/ProtoBuf$TypeAliasOrBuilder
instanceKlass org/jetbrains/kotlin/descriptors/DescriptorVisibilities$12
instanceKlass org/jetbrains/kotlin/descriptors/DescriptorVisibilities$11
instanceKlass org/jetbrains/kotlin/descriptors/DescriptorVisibilities$10
instanceKlass org/jetbrains/kotlin/utils/CollectionsKt
instanceKlass org/jetbrains/kotlin/descriptors/DeclarationDescriptorWithVisibility
instanceKlass org/jetbrains/kotlin/descriptors/DeclarationDescriptor
instanceKlass org/jetbrains/kotlin/descriptors/annotations/Annotated
instanceKlass org/jetbrains/kotlin/descriptors/ValidateableDescriptor
instanceKlass org/jetbrains/kotlin/descriptors/Named
instanceKlass org/jetbrains/kotlin/util/ModuleVisibilityHelper
instanceKlass org/jetbrains/kotlin/resolve/scopes/receivers/ReceiverValue
instanceKlass org/jetbrains/kotlin/resolve/scopes/receivers/Receiver
instanceKlass org/jetbrains/kotlin/incremental/storage/DoubleExternalizer
instanceKlass org/jetbrains/kotlin/metadata/jvm/deserialization/JvmNameResolverBase$WhenMappings
instanceKlass org/jetbrains/kotlin/incremental/storage/FloatExternalizer
instanceKlass org/jetbrains/kotlin/descriptors/DescriptorVisibility
instanceKlass org/jetbrains/kotlin/incremental/ConstantValueExternalizer
instanceKlass org/jetbrains/kotlin/descriptors/Visibility
instanceKlass org/jetbrains/kotlin/descriptors/DescriptorVisibilities
instanceKlass org/jetbrains/kotlin/serialization/deserialization/ProtoEnumFlagsUtilsKt$WhenMappings
instanceKlass org/jetbrains/kotlin/serialization/deserialization/ProtoEnumFlagsUtilsKt
instanceKlass org/jetbrains/kotlin/serialization/deserialization/ProtoEnumFlags
instanceKlass org/jetbrains/kotlin/incremental/DifferenceCalculatorForPackageFacade$Companion
instanceKlass org/jetbrains/kotlin/incremental/ProtoData
instanceKlass org/jetbrains/kotlin/incremental/DifferenceCalculator
instanceKlass org/jetbrains/kotlin/incremental/ProtoDifferenceUtilsKt
instanceKlass org/jetbrains/kotlin/incremental/storage/ProtoMapValue
instanceKlass org/jetbrains/kotlin/incremental/storage/InlinePropertyAccessorExternalizer
instanceKlass org/jetbrains/kotlin/incremental/storage/InlineFunctionExternalizer
instanceKlass org/jetbrains/kotlin/inline/InlinePropertyAccessor
instanceKlass org/jetbrains/kotlin/inline/InlineFunction
instanceKlass org/jetbrains/kotlin/inline/InlineFunctionOrAccessor
instanceKlass org/jetbrains/kotlin/incremental/storage/InlineFunctionOrAccessorExternalizer
instanceKlass org/jetbrains/kotlin/metadata/ProtoBuf$MemberKind$1
instanceKlass org/jetbrains/kotlin/incremental/classpathDiff/ExtraInfoExternalizer
instanceKlass org/jetbrains/kotlin/incremental/storage/IntExternalizer
instanceKlass org/jetbrains/kotlin/metadata/ProtoBuf$VersionRequirement$VersionKind$1
instanceKlass org/jetbrains/kotlin/metadata/ProtoBuf$Class$Kind$1
instanceKlass org/jetbrains/kotlin/incremental/classpathDiff/KotlinClassInfoExternalizer
instanceKlass org/jetbrains/kotlin/metadata/ProtoBuf$VersionRequirement$Level$1
instanceKlass org/jetbrains/kotlin/metadata/ProtoBuf$Modality$1
instanceKlass org/jetbrains/kotlin/metadata/ProtoBuf$Visibility$1
instanceKlass org/jetbrains/kotlin/incremental/KotlinClassInfo$ExtraInfo
instanceKlass org/jetbrains/kotlin/metadata/ProtoBuf$VersionRequirementOrBuilder
instanceKlass org/jetbrains/kotlin/metadata/deserialization/ProtoBufUtilKt
instanceKlass org/jetbrains/kotlin/metadata/deserialization/Flags$FlagField
instanceKlass org/jetbrains/kotlin/metadata/ProtoBuf$Type$Argument$Projection$1
instanceKlass org/jetbrains/kotlin/metadata/deserialization/Flags
instanceKlass org/jetbrains/kotlin/metadata/deserialization/TypeTable
instanceKlass org/jetbrains/kotlin/protobuf/SmallSortedMap$Entry
instanceKlass org/jetbrains/kotlin/protobuf/AbstractMessageLite$Builder
instanceKlass org/jetbrains/kotlin/metadata/ProtoBuf$Type$ArgumentOrBuilder
instanceKlass org/jetbrains/kotlin/protobuf/FieldSet$1
instanceKlass org/jetbrains/kotlin/protobuf/GeneratedMessageLite$1
instanceKlass org/jetbrains/kotlin/metadata/jvm/deserialization/JvmNameResolverKt
instanceKlass org/jetbrains/kotlin/metadata/jvm/JvmProtoBuf$StringTableTypes$Record$Operation$1
instanceKlass org/jetbrains/kotlin/metadata/jvm/JvmProtoBuf$StringTableTypes$RecordOrBuilder
instanceKlass org/jetbrains/kotlin/protobuf/WireFormat
instanceKlass org/jetbrains/kotlin/protobuf/CodedOutputStream
instanceKlass org/jetbrains/kotlin/protobuf/CodedInputStream
instanceKlass org/jetbrains/kotlin/metadata/jvm/JvmProtoBuf$StringTableTypesOrBuilder
instanceKlass org/jetbrains/kotlin/metadata/jvm/deserialization/JvmNameResolverBase$Companion
instanceKlass org/jetbrains/kotlin/metadata/jvm/deserialization/JvmNameResolverBase
instanceKlass org/jetbrains/kotlin/metadata/deserialization/NameResolver
instanceKlass org/jetbrains/kotlin/metadata/jvm/deserialization/UtfEncodingKt
instanceKlass org/jetbrains/kotlin/metadata/jvm/deserialization/BitEncoding
instanceKlass org/jetbrains/kotlin/protobuf/ExtensionRegistryLite$ObjectIntPair
instanceKlass org/jetbrains/kotlin/metadata/ProtoBuf$PackageOrBuilder
instanceKlass org/jetbrains/kotlin/metadata/ProtoBuf$VersionRequirementTableOrBuilder
instanceKlass org/jetbrains/kotlin/metadata/ProtoBuf$ClassOrBuilder
instanceKlass org/jetbrains/kotlin/metadata/ProtoBuf$TypeParameter$Variance$1
instanceKlass org/jetbrains/kotlin/protobuf/Internal$EnumLiteMap
instanceKlass org/jetbrains/kotlin/metadata/ProtoBuf$TypeParameterOrBuilder
instanceKlass org/jetbrains/kotlin/metadata/ProtoBuf$AnnotationOrBuilder
instanceKlass org/jetbrains/kotlin/metadata/jvm/JvmProtoBuf$JvmFieldSignatureOrBuilder
instanceKlass org/jetbrains/org/objectweb/asm/Frame
instanceKlass org/jetbrains/kotlin/metadata/jvm/JvmProtoBuf$JvmPropertySignatureOrBuilder
instanceKlass org/jetbrains/kotlin/metadata/ProtoBuf$ValueParameterOrBuilder
instanceKlass org/jetbrains/kotlin/metadata/ProtoBuf$PropertyOrBuilder
instanceKlass org/jetbrains/org/objectweb/asm/tree/InsnList
instanceKlass org/jetbrains/kotlin/metadata/ProtoBuf$ContractOrBuilder
instanceKlass org/jetbrains/kotlin/metadata/ProtoBuf$TypeTableOrBuilder
instanceKlass org/jetbrains/kotlin/metadata/ProtoBuf$TypeOrBuilder
instanceKlass org/jetbrains/org/objectweb/asm/tree/AbstractInsnNode
instanceKlass org/jetbrains/kotlin/metadata/ProtoBuf$FunctionOrBuilder
instanceKlass org/jetbrains/kotlin/protobuf/Internal$EnumLite
instanceKlass org/jetbrains/kotlin/protobuf/GeneratedMessageLite$ExtensionDescriptor
instanceKlass org/jetbrains/kotlin/protobuf/GeneratedMessageLite$GeneratedExtension
instanceKlass org/jetbrains/kotlin/metadata/jvm/JvmProtoBuf$JvmMethodSignatureOrBuilder
instanceKlass org/jetbrains/kotlin/incremental/storage/JvmClassNameExternalizer
instanceKlass org/jetbrains/kotlin/incremental/storage/NullableValueExternalizer
instanceKlass org/jetbrains/kotlin/incremental/storage/FqNameExternalizer
instanceKlass org/jetbrains/kotlin/protobuf/ByteString$ByteIterator
instanceKlass org/jetbrains/kotlin/incremental/storage/ClassIdExternalizer
instanceKlass org/jetbrains/kotlin/incremental/classpathDiff/InaccessibleClassSnapshotExternalizer
instanceKlass org/jetbrains/kotlin/protobuf/ByteString
instanceKlass org/jetbrains/kotlin/incremental/classpathDiff/JavaClassSnapshotExternalizer
instanceKlass org/jetbrains/kotlin/incremental/classpathDiff/MultifileClassKotlinClassSnapshotExternalizer
instanceKlass org/jetbrains/kotlin/protobuf/SmallSortedMap$EmptySet$2
instanceKlass org/jetbrains/kotlin/incremental/classpathDiff/PackageFacadeKotlinClassSnapshotExternalizer
instanceKlass org/jetbrains/kotlin/protobuf/SmallSortedMap$EmptySet$1
instanceKlass org/jetbrains/kotlin/protobuf/SmallSortedMap$EmptySet
instanceKlass org/jetbrains/kotlin/incremental/classpathDiff/RegularKotlinClassSnapshotExternalizer
instanceKlass org/jetbrains/kotlin/incremental/storage/GenericCollectionExternalizer
instanceKlass org/jetbrains/kotlin/incremental/storage/LongExternalizer
instanceKlass org/jetbrains/kotlin/incremental/classpathDiff/KotlinClassSnapshotExternalizer
instanceKlass org/jetbrains/kotlin/protobuf/LazyFieldLite
instanceKlass org/jetbrains/kotlin/incremental/classpathDiff/AccessibleClassSnapshotExternalizer
instanceKlass org/jetbrains/kotlin/com/intellij/openapi/util/ThreadLocalCachedValue
instanceKlass org/jetbrains/kotlin/incremental/storage/DelegateDataExternalizer
instanceKlass org/jetbrains/kotlin/com/intellij/util/io/IOUtil
instanceKlass org/jetbrains/kotlin/incremental/classpathDiff/ClassSnapshotExternalizer
instanceKlass org/jetbrains/kotlin/protobuf/FieldSet
instanceKlass org/jetbrains/kotlin/incremental/storage/MapExternalizer
instanceKlass org/jetbrains/kotlin/incremental/storage/StringExternalizer
instanceKlass org/jetbrains/kotlin/incremental/classpathDiff/JavaElementSnapshotExternalizer
instanceKlass org/jetbrains/kotlin/incremental/storage/ExternalizersKt
instanceKlass org/jetbrains/kotlin/incremental/classpathDiff/ClasspathEntrySnapshotExternalizer
instanceKlass org/jetbrains/kotlin/protobuf/AbstractParser
instanceKlass org/jetbrains/kotlin/incremental/classpathDiff/JavaClassMemberLevelSnapshotExternalizer
instanceKlass org/jetbrains/kotlin/incremental/classpathDiff/ClasspathEntrySnapshot
instanceKlass org/jetbrains/kotlin/com/intellij/util/io/DataExternalizer
instanceKlass org/jetbrains/kotlin/incremental/classpathDiff/ClassSnapshot
instanceKlass org/jetbrains/kotlin/protobuf/MessageLite$Builder
instanceKlass org/jetbrains/kotlin/protobuf/Parser
instanceKlass org/jetbrains/kotlin/incremental/classpathDiff/JavaClassMemberLevelSnapshot
instanceKlass org/jetbrains/kotlin/incremental/IncrementalJvmCacheKt
instanceKlass org/jetbrains/org/objectweb/asm/ByteVector
instanceKlass org/jetbrains/org/objectweb/asm/Symbol
instanceKlass org/jetbrains/org/objectweb/asm/SymbolTable
instanceKlass org/jetbrains/kotlin/protobuf/FieldSet$FieldDescriptorLite
instanceKlass org/jetbrains/kotlin/protobuf/AbstractMessageLite
instanceKlass org/jetbrains/kotlin/incremental/classpathDiff/JavaElementSnapshot
instanceKlass org/jetbrains/kotlin/metadata/ProtoBuf$ConstructorOrBuilder
instanceKlass org/jetbrains/kotlin/protobuf/GeneratedMessageLite$ExtendableMessageOrBuilder
instanceKlass org/jetbrains/kotlin/protobuf/MessageLite
instanceKlass org/jetbrains/kotlin/protobuf/MessageLiteOrBuilder
instanceKlass org/jetbrains/kotlin/incremental/ClassNodeSnapshotter
instanceKlass org/jetbrains/kotlin/metadata/jvm/JvmProtoBuf
instanceKlass org/jetbrains/kotlin/metadata/jvm/deserialization/JvmMemberSignature
instanceKlass org/jetbrains/kotlin/protobuf/ExtensionRegistryLite
instanceKlass org/jetbrains/org/objectweb/asm/tree/InnerClassNode
instanceKlass org/jetbrains/org/objectweb/asm/tree/Util
instanceKlass org/jetbrains/kotlin/metadata/jvm/deserialization/JvmProtoBufUtil
instanceKlass org/jetbrains/kotlin/inline/InlineUtilKt$WhenMappings
instanceKlass org/jetbrains/kotlin/inline/InlineUtilKt
instanceKlass org/jetbrains/kotlin/incremental/KotlinClassInfoKt
instanceKlass org/jetbrains/org/objectweb/asm/ModuleVisitor
instanceKlass org/jetbrains/kotlin/incremental/KotlinClassInfo$Companion
instanceKlass org/jetbrains/kotlin/incremental/KotlinClassInfo
instanceKlass org/jetbrains/org/objectweb/asm/RecordComponentVisitor
instanceKlass org/jetbrains/kotlin/incremental/classpathDiff/ClassSnapshotter$WhenMappings
instanceKlass org/jetbrains/kotlin/load/kotlin/header/ReadKotlinClassHeaderAnnotationVisitor$CollectStringArrayAnnotationVisitor
instanceKlass org/jetbrains/org/objectweb/asm/MethodVisitor
instanceKlass org/jetbrains/kotlin/load/kotlin/header/KotlinClassHeader
instanceKlass org/jetbrains/org/objectweb/asm/Type
instanceKlass org/jetbrains/org/objectweb/asm/FieldVisitor
instanceKlass org/jetbrains/kotlin/load/kotlin/KotlinJvmBinaryClass$AnnotationArrayArgumentVisitor
instanceKlass org/jetbrains/kotlin/load/kotlin/header/ReadKotlinClassHeaderAnnotationVisitor$KotlinMetadataArgumentVisitor
instanceKlass org/jetbrains/kotlin/metadata/jvm/deserialization/JvmMetadataVersion$Companion
instanceKlass org/jetbrains/kotlin/metadata/deserialization/BinaryVersion$Companion
instanceKlass org/jetbrains/kotlin/load/java/JvmAnnotationNames
instanceKlass org/jetbrains/kotlin/metadata/deserialization/BinaryVersion
instanceKlass org/jetbrains/kotlin/descriptors/SourceElement$1
instanceKlass org/jetbrains/kotlin/descriptors/SourceElement
instanceKlass org/jetbrains/kotlin/utils/StringsKt
instanceKlass org/jetbrains/org/objectweb/asm/AnnotationVisitor
instanceKlass org/jetbrains/kotlin/load/kotlin/FileBasedKotlinClass
instanceKlass org/jetbrains/kotlin/load/kotlin/KotlinJvmBinaryClass
instanceKlass org/jetbrains/kotlin/load/kotlin/FileBasedKotlinClass$OuterAndInnerName
instanceKlass org/jetbrains/org/objectweb/asm/Context
instanceKlass org/jetbrains/org/objectweb/asm/Attribute
instanceKlass org/jetbrains/org/objectweb/asm/Label
instanceKlass org/jetbrains/org/objectweb/asm/ClassReader
instanceKlass org/jetbrains/kotlin/load/kotlin/FileBasedKotlinClass$InnerClassesInfo
instanceKlass org/jetbrains/kotlin/load/kotlin/header/KotlinClassHeader$Kind$Companion
instanceKlass org/jetbrains/kotlin/name/ClassId
instanceKlass org/jetbrains/kotlin/name/FqNameUnsafe$1
instanceKlass org/jetbrains/kotlin/name/Name
instanceKlass org/jetbrains/kotlin/name/FqNameUnsafe
instanceKlass org/jetbrains/kotlin/name/FqName
instanceKlass org/jetbrains/kotlin/load/kotlin/KotlinJvmBinaryClass$AnnotationArgumentVisitor
instanceKlass org/jetbrains/kotlin/load/kotlin/header/ReadKotlinClassHeaderAnnotationVisitor
instanceKlass org/jetbrains/kotlin/load/kotlin/KotlinJvmBinaryClass$AnnotationVisitor
instanceKlass org/jetbrains/org/objectweb/asm/ClassVisitor
instanceKlass org/jetbrains/kotlin/incremental/classpathDiff/BasicClassInfo$Companion
instanceKlass org/jetbrains/kotlin/incremental/classpathDiff/BasicClassInfo
instanceKlass kotlin/io/ByteStreamsKt
instanceKlass org/jetbrains/kotlin/incremental/classpathDiff/ClassFileWithContents
instanceKlass org/jetbrains/kotlin/resolve/jvm/JvmClassName
instanceKlass org/jetbrains/kotlin/incremental/classpathDiff/ClassSnapshotter
instanceKlass org/jetbrains/kotlin/incremental/classpathDiff/ClassFile
instanceKlass org/jetbrains/kotlin/incremental/classpathDiff/ClassFileWithContentsProvider
instanceKlass org/jetbrains/kotlin/incremental/classpathDiff/JarReader
instanceKlass org/jetbrains/kotlin/incremental/classpathDiff/DirectoryOrJarReader$Companion
instanceKlass org/jetbrains/kotlin/incremental/classpathDiff/DirectoryOrJarReader
instanceKlass org/gradle/api/internal/changedetection/state/DefaultZipEntryContext$ZipEntryRelativePath
instanceKlass org/jetbrains/kotlin/incremental/classpathDiff/ClasspathEntrySnapshotter
instanceKlass org/gradle/api/internal/changedetection/state/DefaultZipEntryContext
instanceKlass org/gradle/internal/io/IoFunction
instanceKlass org/gradle/api/internal/file/archive/impl/AbstractZipEntry
instanceKlass org/jetbrains/kotlin/build/report/metrics/DoNothingBuildMetricsReporter
instanceKlass org/gradle/api/internal/file/archive/impl/FileZipInput
instanceKlass jdk/internal/misc/ScopedMemoryAccess$Scope$Handle
instanceKlass com/android/tools/r8/internal/Td0
instanceKlass com/android/tools/r8/internal/dD
instanceKlass com/android/tools/r8/internal/aD
instanceKlass com/android/ide/common/xml/ManifestData$KeepClass
instanceKlass com/android/ide/common/xml/ManifestData$Activity
instanceKlass com/android/tools/r8/dex/E
instanceKlass com/android/tools/r8/graph/q5
instanceKlass com/android/tools/r8/dex/C
instanceKlass com/android/tools/r8/internal/G7
instanceKlass com/android/tools/r8/internal/Od0
instanceKlass com/android/tools/r8/naming/w
instanceKlass com/android/tools/r8/shaking/j3
instanceKlass com/android/tools/r8/shaking/J3
instanceKlass com/android/tools/r8/shaking/G2$a
instanceKlass com/android/tools/r8/shaking/T2
instanceKlass com/android/tools/r8/shaking/Q2
instanceKlass com/android/tools/r8/shaking/F3
instanceKlass com/android/tools/r8/shaking/C3
instanceKlass com/android/tools/r8/shaking/D3
instanceKlass com/android/tools/r8/shaking/C2$a
instanceKlass com/android/tools/r8/shaking/C2
instanceKlass com/android/tools/r8/shaking/H3
instanceKlass com/android/tools/r8/shaking/P2$a
instanceKlass com/android/tools/r8/shaking/P2
instanceKlass com/android/tools/r8/shaking/U2$a
instanceKlass com/android/tools/r8/shaking/U2
instanceKlass com/android/tools/r8/shaking/a3
instanceKlass com/android/tools/r8/shaking/X2
instanceKlass kotlin/sequences/SequencesKt__SequencesKt$asSequence$$inlined$Sequence$1
instanceKlass kotlin/collections/CollectionsKt__IteratorsJVMKt$iterator$1
instanceKlass com/android/builder/dexing/D8DexArchiveMerger
instanceKlass com/android/builder/dexing/DexArchiveMerger
instanceKlass org/gradle/api/file/EmptyFileVisitor
instanceKlass com/android/ide/common/symbols/SymbolTableBuilder$WhenMappings
instanceKlass java/io/BufferedReader$1
instanceKlass com/android/ide/common/symbols/SymbolTableBuilder
instanceKlass com/android/ide/common/xml/ManifestData
instanceKlass com/android/utils/XmlUtils
instanceKlass com/android/ide/common/xml/AndroidManifestParser
instanceKlass com/android/builder/dexing/DirDexArchive
instanceKlass com/android/builder/dexing/DexArchive
instanceKlass com/android/builder/dexing/DexArchives
instanceKlass com/android/builder/dexing/DexArchiveEntry
instanceKlass org/gradle/internal/classpath/declarations/KotlinStdlibFileInterceptors
instanceKlass com/android/build/gradle/internal/tasks/DexMergingTaskDelegate$run$1$1
instanceKlass com/android/builder/dexing/DexEntryBucket$Companion
instanceKlass com/android/builder/dexing/DexEntryBucket
instanceKlass org/gradle/api/tasks/util/internal/CachingPatternSpecFactory$CachingSpec$1
instanceKlass org/gradle/internal/fingerprint/impl/PatternSetSnapshottingFilter$PathBackedFileTreeElement
instanceKlass com/android/builder/dexing/DexEntry$Companion
instanceKlass com/android/builder/dexing/DexEntry
instanceKlass com/android/builder/dexing/DexUtilsKt$getSortedFilesInDir$2$2
instanceKlass kotlin/streams/jdk8/StreamsKt
instanceKlass com/android/builder/dexing/DexUtilsKt$getSortedFilesInDir$2$1
instanceKlass org/gradle/internal/snapshot/SnapshottingFilter$DirectoryWalkerPredicate
instanceKlass java/nio/file/FileTreeIterator
instanceKlass org/gradle/internal/fingerprint/impl/PatternSetSnapshottingFilter$LogicalFileTreeElement
instanceKlass com/android/build/gradle/internal/tasks/DexMergingTaskDelegate$Companion
instanceKlass org/gradle/api/services/internal/DefaultBuildServicesRegistry$ServiceBackedSharedResource
instanceKlass com/android/build/gradle/internal/tasks/DexMergingTask$doTaskAction$1
instanceKlass org/gradle/internal/execution/steps/RemovePreviousOutputsStep$2
instanceKlass com/android/tools/r8/internal/ox
instanceKlass org/gradle/execution/plan/DefaultPlanExecutor$ExecutorState$HealthState
instanceKlass com/android/tools/r8/internal/Ni0
instanceKlass com/android/tools/r8/internal/va
instanceKlass com/android/build/gradle/internal/errors/MessageReceiverImplKt
instanceKlass com/android/build/gradle/internal/errors/MessageReceiverImpl$WhenMappings
instanceKlass com/android/tools/r8/internal/P40
instanceKlass com/android/tools/r8/errors/DesugarDiagnostic
instanceKlass com/android/tools/r8/utils/StringDiagnostic
instanceKlass com/android/tools/r8/internal/Gl
instanceKlass com/android/tools/r8/graph/Z0
instanceKlass com/android/tools/r8/graph/U0
instanceKlass com/android/tools/r8/internal/Hl
instanceKlass com/android/tools/r8/internal/HV
instanceKlass com/android/tools/r8/internal/Z1
instanceKlass com/android/tools/r8/internal/wk
instanceKlass com/android/tools/r8/internal/is
instanceKlass com/android/tools/r8/androidapi/h
instanceKlass com/android/tools/r8/internal/Gq
instanceKlass com/android/tools/r8/naming/N
instanceKlass com/android/tools/r8/internal/vd
instanceKlass com/android/tools/r8/internal/wd
instanceKlass com/android/tools/r8/internal/xd
instanceKlass com/android/tools/r8/internal/Xl
instanceKlass java/nio/file/Files$2
instanceKlass com/android/tools/r8/ByteDataView
instanceKlass com/android/tools/r8/dex/G
instanceKlass java/util/zip/Adler32
instanceKlass com/android/tools/r8/dex/I
instanceKlass com/android/tools/r8/internal/kn
instanceKlass com/android/tools/r8/internal/JS
instanceKlass com/android/tools/r8/dex/u
instanceKlass com/android/tools/r8/internal/qJ
instanceKlass com/android/tools/r8/naming/V
instanceKlass com/android/tools/r8/naming/U
instanceKlass com/android/tools/r8/dex/v
instanceKlass com/android/tools/r8/dex/H
instanceKlass com/android/tools/r8/dex/F
instanceKlass com/android/tools/r8/dex/s
instanceKlass com/android/tools/r8/dex/y
instanceKlass com/android/tools/r8/graph/u5
instanceKlass com/android/tools/r8/dex/L
instanceKlass com/android/tools/r8/internal/Uh
instanceKlass com/android/tools/r8/graph/o5
instanceKlass com/android/tools/r8/internal/x30
instanceKlass com/android/tools/r8/internal/Q20
instanceKlass com/android/tools/r8/graph/p5
instanceKlass com/android/tools/r8/internal/cT
instanceKlass com/android/tools/r8/internal/aT
instanceKlass com/android/tools/r8/internal/eT
instanceKlass com/android/tools/r8/dex/n
instanceKlass com/android/tools/r8/internal/Z20
instanceKlass com/android/tools/r8/internal/hs
instanceKlass com/android/tools/r8/internal/wC
instanceKlass com/android/tools/r8/internal/sC
instanceKlass com/android/tools/r8/dex/r0
instanceKlass com/android/tools/r8/dex/p0
instanceKlass com/android/tools/r8/dex/q0
instanceKlass com/android/tools/r8/naming/b
instanceKlass com/android/tools/r8/dex/m0
instanceKlass com/android/tools/r8/internal/FJ
instanceKlass com/android/tools/r8/dex/n0
instanceKlass com/android/tools/r8/dex/s0
instanceKlass com/android/tools/r8/dex/M
instanceKlass com/android/tools/r8/startup/diagnostic/MissingStartupProfileItemsDiagnostic$a
instanceKlass com/android/tools/r8/graph/O3
instanceKlass com/android/tools/r8/internal/ni0
instanceKlass com/android/tools/r8/internal/ri0
instanceKlass com/android/tools/r8/internal/ti0
instanceKlass com/android/tools/r8/internal/qi0
instanceKlass com/android/tools/r8/internal/pi0
instanceKlass com/android/tools/r8/internal/Qh0
instanceKlass com/android/tools/r8/internal/Ph0
instanceKlass com/android/tools/r8/internal/Di0
instanceKlass com/android/tools/r8/internal/iD
instanceKlass com/android/tools/r8/internal/eK
instanceKlass com/android/tools/r8/internal/eX
instanceKlass com/android/tools/r8/SourceFileEnvironment
instanceKlass com/android/tools/r8/internal/eB
instanceKlass com/android/tools/r8/dex/i0
instanceKlass com/android/tools/r8/internal/aV
instanceKlass com/android/tools/r8/dex/r
instanceKlass com/android/tools/r8/internal/O2
instanceKlass com/android/tools/r8/internal/P2
instanceKlass com/android/tools/r8/internal/N2
instanceKlass com/android/tools/r8/kotlin/X
instanceKlass com/android/tools/r8/graph/U3
instanceKlass com/android/tools/r8/internal/bs
instanceKlass com/android/tools/r8/internal/Dt
instanceKlass com/android/tools/r8/internal/BW
instanceKlass com/android/tools/r8/internal/Os
instanceKlass com/android/tools/r8/synthesis/r
instanceKlass com/android/tools/r8/synthesis/q
instanceKlass com/android/tools/r8/synthesis/p
instanceKlass com/android/tools/r8/internal/yh0
instanceKlass com/android/tools/r8/internal/T5
instanceKlass com/android/tools/r8/internal/KP
instanceKlass com/android/tools/r8/synthesis/t
instanceKlass com/android/tools/r8/internal/fK
instanceKlass com/android/tools/r8/internal/ZJ
instanceKlass com/android/tools/r8/internal/dh
instanceKlass com/android/tools/r8/internal/ia
instanceKlass com/android/tools/r8/internal/zk
instanceKlass com/android/tools/r8/internal/vh
instanceKlass com/android/tools/r8/internal/XP
instanceKlass com/android/tools/r8/internal/Pp
instanceKlass com/android/tools/r8/internal/VB
instanceKlass com/android/tools/r8/internal/IC
instanceKlass com/android/tools/r8/synthesis/G
instanceKlass com/android/tools/r8/synthesis/H
instanceKlass com/android/tools/r8/internal/kl
instanceKlass org/gradle/internal/io/IoRunnable
instanceKlass org/gradle/internal/execution/steps/AssignImmutableWorkspaceStep$WorkspaceMoveHandler
instanceKlass org/gradle/api/internal/artifacts/transform/AbstractTransformExecution$3
instanceKlass org/gradle/api/internal/artifacts/transform/TransformExecutionResultSerializer$1
instanceKlass org/gradle/api/internal/artifacts/transform/DefaultTransformOutputs$1
instanceKlass com/android/tools/r8/internal/DR
instanceKlass com/android/tools/r8/internal/fL
instanceKlass com/android/tools/r8/internal/dJ
instanceKlass com/android/tools/r8/internal/vc
instanceKlass com/android/tools/r8/internal/WI
instanceKlass com/android/tools/r8/internal/UI
instanceKlass com/android/tools/r8/internal/VI
instanceKlass com/android/tools/r8/utils/structural/i
instanceKlass com/android/tools/r8/internal/C
instanceKlass com/android/tools/r8/internal/B
instanceKlass com/android/tools/r8/internal/Ks
instanceKlass com/android/tools/r8/internal/Ls
instanceKlass com/android/tools/r8/utils/structural/m
instanceKlass org/gradle/internal/execution/history/impl/FileSystemSnapshotSerializer$1$1
instanceKlass com/android/tools/r8/synthesis/e
instanceKlass com/android/tools/r8/FeatureSplit
instanceKlass org/gradle/internal/snapshot/impl/GradleSerializedValueSnapshot
instanceKlass com/android/tools/r8/internal/aJ
instanceKlass org/gradle/internal/fingerprint/CurrentFileCollectionFingerprint$ArchivedFileCollectionFingerprintFactory
instanceKlass com/google/common/collect/Maps$9
instanceKlass org/gradle/internal/execution/steps/StoreExecutionStateStep$DefaultAfterExecutionState
instanceKlass com/android/tools/r8/internal/W8
instanceKlass org/gradle/internal/execution/steps/CaptureOutputsAfterExecutionStep$Operation$Result$1
instanceKlass org/gradle/internal/execution/steps/CaptureOutputsAfterExecutionStep$Operation$Result
instanceKlass com/android/tools/r8/internal/Ra
instanceKlass com/android/tools/r8/internal/mR
instanceKlass com/android/tools/r8/internal/Xt
instanceKlass com/android/tools/r8/internal/pk
instanceKlass org/gradle/internal/execution/steps/CaptureOutputsAfterExecutionStep$Operation$Details$1
instanceKlass org/gradle/internal/execution/steps/CaptureOutputsAfterExecutionStep$Operation$Details
instanceKlass com/android/tools/r8/internal/e5
instanceKlass com/android/tools/r8/internal/qL
instanceKlass org/gradle/internal/execution/steps/ExecuteStep$Operation$Result$1
instanceKlass com/android/tools/r8/internal/Nq
instanceKlass org/gradle/internal/execution/steps/ExecuteStep$Operation$Result
instanceKlass com/android/tools/r8/internal/qk
instanceKlass org/gradle/internal/execution/steps/ExecuteStep$ExecutionResultImpl
instanceKlass org/gradle/internal/execution/steps/ExecuteStep$3
instanceKlass org/gradle/api/internal/tasks/execution/TaskExecution$2
instanceKlass com/android/ide/common/symbols/SymbolListWithPackageNameWriter
instanceKlass com/android/zipflinger/EndOfCentralDirectory
instanceKlass com/android/zipflinger/Zip64
instanceKlass com/android/zipflinger/CentralDirectoryRecord
instanceKlass com/android/zipflinger/LocalFileHeader
instanceKlass com/android/zipflinger/Ints
instanceKlass com/android/zipflinger/Source
instanceKlass com/android/zipflinger/Sources
instanceKlass com/android/ide/common/symbols/SymbolTable$getSymbolByResourceType$$inlined$sortedBy$1
instanceKlass com/android/zipflinger/ZipReader
instanceKlass com/android/zipflinger/ZipWriter
instanceKlass com/android/zipflinger/FreeStore$Zone
instanceKlass com/android/zipflinger/FreeStore
instanceKlass com/android/zipflinger/CentralDirectory
instanceKlass com/android/zipflinger/Location
instanceKlass com/android/zipflinger/ZipInfo
instanceKlass com/android/zipflinger/ZipArchive
instanceKlass com/android/zipflinger/Archive
instanceKlass com/android/builder/packaging/JarCreator$Relocator
instanceKlass com/android/builder/packaging/JarFlinger
instanceKlass com/android/builder/packaging/JarCreator
instanceKlass com/android/builder/symbols/BytecodeRClassWriterKt
instanceKlass com/google/common/collect/NullnessCasts
instanceKlass com/android/build/gradle/internal/services/SymbolTableBuildService$FileCacheKey
instanceKlass com/google/common/collect/StandardTable$CellIterator
instanceKlass com/android/ide/common/symbols/SymbolTable$Builder$symbols$1
instanceKlass com/android/ide/common/symbols/SymbolTable$Builder
instanceKlass com/android/ide/common/symbols/SymbolTable$Companion
instanceKlass com/android/ide/common/symbols/SymbolTable
instanceKlass com/android/ide/common/symbols/SymbolTableKt
instanceKlass com/android/ide/common/symbols/SymbolIo$1
instanceKlass com/android/tools/r8/internal/jx
instanceKlass com/android/tools/r8/internal/dx
instanceKlass com/android/tools/r8/internal/lx
instanceKlass com/google/common/collect/Tables$AbstractCell
instanceKlass com/google/common/collect/Tables$1
instanceKlass com/google/common/collect/RowSortedTable
instanceKlass com/google/common/collect/Table$Cell
instanceKlass com/google/common/collect/Tables
instanceKlass com/android/ide/common/symbols/Symbol$Companion
instanceKlass com/android/ide/common/symbols/SymbolUtils
instanceKlass com/google/common/collect/CollectCollectors$EnumSetAccumulator
instanceKlass com/google/common/collect/RangeGwtSerializationDependencies
instanceKlass com/google/common/collect/ImmutableRangeSet$Builder
instanceKlass com/google/common/collect/SortedIterable
instanceKlass com/google/common/collect/AbstractRangeSet
instanceKlass com/google/common/collect/RangeSet
instanceKlass com/google/common/collect/CollectCollectors
instanceKlass java/nio/file/FileChannelLinesSpliterator$1
instanceKlass com/google/common/collect/ImmutableTable$Builder
instanceKlass com/google/common/collect/AbstractTable
instanceKlass com/google/common/collect/Table
instanceKlass com/android/ide/common/symbols/SymbolTable$FastBuilder
instanceKlass com/android/ide/common/symbols/SymbolIo$SymbolData
instanceKlass com/android/ide/common/symbols/Symbol
instanceKlass com/android/ide/common/symbols/SymbolIo$SymbolLineReader
instanceKlass java/util/stream/Streams$1
instanceKlass java/nio/file/FileChannelLinesSpliterator
instanceKlass com/google/common/collect/MapMakerInternalMap$AbstractStrongKeyEntry
instanceKlass com/google/common/collect/MapMakerInternalMap$StrongValueEntry
instanceKlass com/google/common/collect/MapMakerInternalMap$StrongKeyDummyValueEntry$Helper
instanceKlass com/google/common/collect/MapMakerInternalMap$InternalEntry
instanceKlass com/google/common/collect/MapMakerInternalMap$1
instanceKlass com/google/common/collect/MapMakerInternalMap$InternalEntryHelper
instanceKlass com/google/common/collect/MapMakerInternalMap$WeakValueReference
instanceKlass com/google/common/collect/Interners$InternerImpl
instanceKlass com/google/common/collect/MapMaker
instanceKlass com/google/common/collect/Interners$InternerBuilder
instanceKlass com/google/common/collect/Interners
instanceKlass com/android/ide/common/symbols/SymbolListVisitor
instanceKlass com/android/ide/common/symbols/SymbolIo
instanceKlass com/android/builder/internal/aapt/v2/Aapt2DaemonImpl$WaitForTaskCompletion$Result
instanceKlass com/android/tools/r8/internal/Qp
instanceKlass com/android/tools/r8/internal/jC
instanceKlass com/android/tools/r8/internal/yd
instanceKlass com/android/tools/r8/internal/VP
instanceKlass com/android/tools/r8/internal/j7
instanceKlass com/android/tools/r8/internal/gm
instanceKlass com/android/tools/r8/internal/Vk0
instanceKlass com/android/tools/r8/internal/fm
instanceKlass com/android/tools/r8/internal/hm
instanceKlass com/android/tools/r8/internal/Wk0
instanceKlass com/android/tools/r8/internal/JL
instanceKlass com/android/tools/r8/internal/WR
instanceKlass com/android/tools/r8/internal/UT
instanceKlass com/android/tools/r8/internal/rl
instanceKlass com/android/tools/r8/internal/y3
instanceKlass com/android/tools/r8/internal/xh0
instanceKlass com/android/tools/r8/references/ArrayReference
instanceKlass com/android/tools/r8/internal/Zt
instanceKlass com/android/tools/r8/internal/s8
instanceKlass com/android/tools/r8/graph/h1
instanceKlass com/android/tools/r8/internal/dL
instanceKlass com/android/tools/r8/ir/optimize/V
instanceKlass com/android/tools/r8/ir/optimize/N
instanceKlass com/android/tools/r8/internal/il
instanceKlass com/android/tools/r8/internal/sl
instanceKlass com/android/tools/r8/internal/uy
instanceKlass com/android/tools/r8/graph/Y0
instanceKlass com/android/tools/r8/internal/uL
instanceKlass com/android/tools/r8/graph/W2
instanceKlass com/android/tools/r8/internal/D20
instanceKlass java/util/AbstractList$SubList$1
instanceKlass com/android/tools/r8/internal/cz
instanceKlass com/android/tools/r8/dex/code/V
instanceKlass com/android/tools/r8/graph/T0
instanceKlass com/android/tools/r8/dex/code/a
instanceKlass com/android/tools/r8/internal/X7
instanceKlass com/android/tools/r8/ir/regalloc/g
instanceKlass com/android/tools/r8/ir/regalloc/h
instanceKlass com/android/tools/r8/ir/regalloc/m
instanceKlass com/android/tools/r8/internal/y5
instanceKlass com/android/tools/r8/internal/BB
instanceKlass com/android/tools/r8/internal/EP
instanceKlass com/android/tools/r8/internal/A0
instanceKlass com/android/tools/r8/internal/DP
instanceKlass com/android/tools/r8/internal/tl
instanceKlass com/android/tools/r8/internal/bh
instanceKlass com/android/tools/r8/ir/optimize/Z
instanceKlass com/android/tools/r8/internal/XJ
instanceKlass com/android/tools/r8/ir/optimize/d0
instanceKlass com/android/tools/r8/ir/regalloc/a
instanceKlass com/android/tools/r8/c
instanceKlass com/android/tools/r8/ir/regalloc/n
instanceKlass com/android/tools/r8/internal/qS
instanceKlass com/android/tools/r8/ir/regalloc/d
instanceKlass com/android/tools/r8/internal/P5
instanceKlass com/android/tools/r8/ir/regalloc/e
instanceKlass com/android/tools/r8/ir/regalloc/c
instanceKlass com/android/tools/r8/internal/xt
instanceKlass com/android/tools/r8/internal/D1
instanceKlass com/android/tools/r8/ir/regalloc/j
instanceKlass com/android/tools/r8/graph/K2
instanceKlass com/android/tools/r8/internal/LM
instanceKlass com/android/tools/r8/internal/CP
instanceKlass com/android/tools/r8/internal/Wh
instanceKlass com/android/tools/r8/internal/F5
instanceKlass com/android/tools/r8/ir/regalloc/b
instanceKlass com/android/tools/r8/internal/st
instanceKlass com/android/tools/r8/ir/optimize/s0
instanceKlass com/android/tools/r8/ir/regalloc/f
instanceKlass com/android/tools/r8/internal/Z7$a
instanceKlass com/android/tools/r8/internal/jT
instanceKlass com/android/tools/r8/internal/Z7
instanceKlass com/android/tools/r8/internal/lT
instanceKlass com/android/tools/r8/ir/optimize/K
instanceKlass com/android/tools/r8/synthesis/C
instanceKlass java/util/stream/SliceOps
instanceKlass com/android/tools/r8/internal/oT
instanceKlass com/android/tools/r8/internal/km
instanceKlass com/android/tools/r8/internal/A5
instanceKlass org/gradle/workers/internal/WorkerDaemonExpiration$SimpleMemoryExpirationSelector
instanceKlass com/android/tools/r8/ir/optimize/y
instanceKlass com/android/tools/r8/internal/U0
instanceKlass com/android/tools/r8/ir/optimize/z
instanceKlass com/android/tools/r8/internal/Mk0
instanceKlass com/android/tools/r8/internal/E5
instanceKlass com/android/tools/r8/internal/G1
instanceKlass com/android/tools/r8/internal/Ok0
instanceKlass com/android/tools/r8/ir/optimize/u
instanceKlass com/android/tools/r8/internal/k7
instanceKlass com/android/tools/r8/internal/Hm
instanceKlass java/util/IdentityHashMap$IdentityHashMapSpliterator
instanceKlass com/android/tools/r8/internal/rc0
instanceKlass com/android/tools/r8/ir/optimize/b
instanceKlass com/android/tools/r8/internal/Dr
instanceKlass com/android/tools/r8/internal/sr
instanceKlass com/android/tools/r8/internal/Dd
instanceKlass com/android/tools/r8/ir/optimize/t
instanceKlass com/android/tools/r8/internal/At
instanceKlass com/android/tools/r8/internal/qC
instanceKlass com/android/tools/r8/internal/zt
instanceKlass com/android/tools/r8/internal/Gh0
instanceKlass com/android/tools/r8/internal/wt
instanceKlass com/android/tools/r8/ir/optimize/r
instanceKlass com/android/tools/r8/internal/fm0
instanceKlass com/android/tools/r8/internal/Ei0
instanceKlass com/android/tools/r8/internal/H5
instanceKlass com/android/tools/r8/internal/ti
instanceKlass com/android/tools/r8/ir/optimize/a
instanceKlass com/android/tools/r8/internal/BV
instanceKlass com/android/tools/r8/internal/h9
instanceKlass com/android/tools/r8/internal/yt
instanceKlass com/android/tools/r8/internal/Ft
instanceKlass com/android/tools/r8/internal/Yg
instanceKlass com/android/tools/r8/internal/Hi0
instanceKlass com/android/tools/r8/internal/Lw
instanceKlass com/android/tools/r8/internal/G5
instanceKlass com/android/tools/r8/internal/W0
instanceKlass com/android/tools/r8/internal/fU
instanceKlass com/android/tools/r8/internal/pU
instanceKlass com/android/tools/r8/internal/IX
instanceKlass com/android/tools/r8/internal/vU
instanceKlass com/android/tools/r8/internal/We
instanceKlass com/android/tools/r8/internal/Tk0
instanceKlass com/android/tools/r8/internal/cj0
instanceKlass com/android/tools/r8/internal/Cb0
instanceKlass com/android/tools/r8/internal/Ll0
instanceKlass com/android/tools/r8/internal/hz
instanceKlass com/android/tools/r8/dex/code/z1
instanceKlass com/android/tools/r8/internal/ol
instanceKlass com/android/tools/r8/ir/optimize/E
instanceKlass com/android/tools/r8/internal/Ek0
instanceKlass com/android/tools/r8/internal/tt
instanceKlass com/android/tools/r8/graph/proto/b
instanceKlass com/android/tools/r8/internal/k20
instanceKlass com/android/tools/r8/internal/Yx
instanceKlass com/android/tools/r8/internal/xA
instanceKlass com/android/tools/r8/internal/RR
instanceKlass com/android/tools/r8/internal/Fa
instanceKlass com/android/tools/r8/internal/Gz
instanceKlass com/android/tools/r8/internal/wa
instanceKlass com/android/tools/r8/internal/xa
instanceKlass com/android/tools/r8/internal/t30
instanceKlass com/android/tools/r8/internal/Oz
instanceKlass com/android/tools/r8/internal/n8
instanceKlass com/android/tools/r8/internal/D5
instanceKlass com/android/tools/r8/internal/pt
instanceKlass com/android/tools/r8/internal/It
instanceKlass com/android/tools/r8/internal/aS
instanceKlass com/android/tools/r8/internal/oy
instanceKlass com/android/tools/r8/internal/H
instanceKlass com/android/tools/r8/internal/ex
instanceKlass com/android/tools/r8/internal/Tw
instanceKlass com/android/tools/r8/graph/proto/d
instanceKlass com/android/tools/r8/graph/proto/c
instanceKlass com/android/tools/r8/graph/proto/j
instanceKlass com/android/tools/r8/internal/O
instanceKlass com/android/tools/r8/internal/Zy
instanceKlass com/android/tools/r8/internal/Jy
instanceKlass com/android/tools/r8/internal/ut
instanceKlass com/android/tools/r8/internal/Aa
instanceKlass com/android/tools/r8/internal/px
instanceKlass com/android/tools/r8/internal/k8
instanceKlass com/android/tools/r8/internal/La
instanceKlass com/android/tools/r8/internal/Ez
instanceKlass com/android/tools/r8/internal/ya
instanceKlass com/android/tools/r8/internal/tS
instanceKlass com/android/tools/r8/internal/pr
instanceKlass com/android/tools/r8/internal/Rk0
instanceKlass com/android/tools/r8/internal/y8
instanceKlass com/android/tools/r8/internal/B8
instanceKlass com/android/tools/r8/internal/j9
instanceKlass com/android/tools/r8/internal/i9
instanceKlass com/android/tools/r8/graph/E
instanceKlass com/android/tools/r8/internal/Ht
instanceKlass com/android/tools/r8/internal/oC
instanceKlass com/android/tools/r8/references/ClassReference
instanceKlass com/android/tools/r8/references/PrimitiveReference
instanceKlass com/android/tools/r8/references/Reference
instanceKlass com/android/tools/r8/position/MethodPosition
instanceKlass com/android/tools/r8/internal/hl
instanceKlass com/android/tools/r8/internal/Ag0
instanceKlass com/android/tools/r8/internal/Bg0
instanceKlass com/android/tools/r8/internal/zg0
instanceKlass com/android/tools/r8/internal/yg0
instanceKlass com/android/tools/r8/graph/e
instanceKlass com/android/tools/r8/graph/A4
instanceKlass com/android/tools/r8/graph/P4
instanceKlass com/android/tools/r8/graph/M4
instanceKlass com/android/tools/r8/graph/N4
instanceKlass com/android/tools/r8/internal/r5
instanceKlass com/android/tools/r8/graph/B0
instanceKlass com/android/tools/r8/internal/v5
instanceKlass com/android/tools/r8/internal/XI
instanceKlass com/android/tools/r8/shaking/V1
instanceKlass com/android/tools/r8/internal/id
instanceKlass com/android/tools/r8/internal/X10
instanceKlass com/android/tools/r8/internal/fY
instanceKlass com/android/tools/r8/K
instanceKlass com/android/tools/r8/internal/K8
instanceKlass com/android/tools/r8/internal/Ub
instanceKlass com/android/tools/r8/internal/Eq
instanceKlass com/android/tools/r8/internal/A9
instanceKlass com/android/tools/r8/internal/xk
instanceKlass com/android/tools/r8/internal/K2
instanceKlass com/android/tools/r8/internal/in
instanceKlass com/android/tools/r8/internal/Xk
instanceKlass com/android/tools/r8/internal/DA
instanceKlass com/android/tools/r8/internal/Lh0
instanceKlass com/android/tools/r8/internal/M8
instanceKlass com/android/tools/r8/internal/Yk0
instanceKlass com/android/tools/r8/internal/Ok
instanceKlass com/android/tools/r8/internal/Zk
instanceKlass com/android/tools/r8/internal/jn
instanceKlass com/android/tools/r8/internal/SX
instanceKlass com/android/tools/r8/internal/YI
instanceKlass com/android/tools/r8/ir/optimize/r0
instanceKlass com/android/tools/r8/internal/ch
instanceKlass com/android/tools/r8/errors/UnsupportedFeatureDiagnostic
instanceKlass com/android/tools/r8/internal/ek0
instanceKlass com/android/tools/r8/internal/hk0
instanceKlass com/android/tools/r8/internal/y7
instanceKlass com/android/tools/r8/internal/YB
instanceKlass com/android/tools/r8/internal/XB
instanceKlass com/android/tools/r8/internal/og
instanceKlass com/android/tools/r8/internal/pg
instanceKlass com/android/tools/r8/graph/f
instanceKlass com/android/tools/r8/internal/zA
instanceKlass com/android/tools/r8/internal/ZI
instanceKlass com/android/tools/r8/internal/bJ
instanceKlass com/android/tools/r8/internal/Pe0
instanceKlass com/android/tools/r8/internal/iB
instanceKlass com/android/tools/r8/graph/Y
instanceKlass com/android/tools/r8/internal/sc
instanceKlass com/android/tools/r8/graph/V
instanceKlass com/android/tools/r8/internal/OU
instanceKlass com/android/tools/r8/internal/ej0
instanceKlass com/android/tools/r8/internal/qc0
instanceKlass com/android/tools/r8/internal/Zd
instanceKlass com/android/tools/r8/internal/WM
instanceKlass com/android/tools/r8/internal/VM
instanceKlass com/android/tools/r8/internal/q5
instanceKlass com/android/tools/r8/internal/n5
instanceKlass com/android/tools/r8/internal/i5
instanceKlass com/android/tools/r8/internal/j5
instanceKlass com/android/tools/r8/internal/k5
instanceKlass com/android/tools/r8/internal/d5
instanceKlass com/android/tools/r8/internal/p5
instanceKlass com/android/tools/r8/internal/bQ
instanceKlass com/android/tools/r8/internal/b9
instanceKlass com/android/tools/r8/internal/ZP
instanceKlass com/android/tools/r8/internal/ss
instanceKlass com/android/tools/r8/ir/optimize/L
instanceKlass com/android/tools/r8/ir/optimize/d
instanceKlass com/android/tools/r8/ir/optimize/e
instanceKlass com/android/tools/r8/ir/optimize/F
instanceKlass com/android/tools/r8/ir/optimize/w
instanceKlass com/android/tools/r8/internal/Cd
instanceKlass com/android/tools/r8/internal/m7
instanceKlass com/android/tools/r8/internal/Iw
instanceKlass com/android/tools/r8/internal/Je0
instanceKlass com/android/tools/r8/internal/Ke0
instanceKlass com/android/tools/r8/internal/qi
instanceKlass com/android/tools/r8/internal/wB
instanceKlass com/android/tools/r8/internal/Gk0
instanceKlass com/android/tools/r8/internal/Ed
instanceKlass com/android/tools/r8/internal/jz
instanceKlass com/android/tools/r8/ir/optimize/x
instanceKlass com/android/tools/r8/graph/G5
instanceKlass com/android/tools/r8/graph/E5
instanceKlass com/android/tools/r8/graph/d
instanceKlass com/android/tools/r8/shaking/j
instanceKlass com/android/tools/r8/graph/b3
instanceKlass com/android/tools/r8/internal/mh0
instanceKlass com/android/tools/r8/graph/m5
instanceKlass com/android/tools/r8/graph/j5
instanceKlass com/android/tools/r8/shaking/i1
instanceKlass com/android/tools/r8/internal/BA
instanceKlass com/android/tools/r8/internal/Tb
instanceKlass com/android/tools/r8/internal/eh
instanceKlass com/android/tools/r8/internal/la
instanceKlass com/android/tools/r8/internal/Wk
instanceKlass com/android/tools/r8/internal/Yk
instanceKlass com/android/tools/r8/internal/al
instanceKlass com/android/tools/r8/internal/GA
instanceKlass com/android/tools/r8/internal/Pk
instanceKlass com/android/tools/r8/internal/Nk
instanceKlass com/android/tools/r8/graph/Y2
instanceKlass com/android/tools/r8/internal/jw
instanceKlass com/android/tools/r8/internal/Y1
instanceKlass com/android/tools/r8/internal/Jp
instanceKlass com/android/tools/r8/internal/oo
instanceKlass com/android/tools/r8/internal/UK
instanceKlass com/android/tools/r8/internal/xl
instanceKlass com/android/tools/r8/ir/optimize/X
instanceKlass com/android/tools/r8/internal/uO
instanceKlass com/android/tools/r8/internal/mv
instanceKlass com/android/tools/r8/internal/mO
instanceKlass com/android/tools/r8/ir/optimize/I0
instanceKlass com/android/tools/r8/ir/optimize/v0
instanceKlass com/android/tools/r8/internal/xw
instanceKlass com/android/tools/r8/internal/Jn
instanceKlass com/android/tools/r8/ir/optimize/c
instanceKlass com/android/tools/r8/internal/Bd
instanceKlass com/android/tools/r8/internal/PN
instanceKlass com/android/tools/r8/internal/kO
instanceKlass com/android/tools/r8/internal/nN
instanceKlass com/android/tools/r8/internal/fS
instanceKlass com/android/tools/r8/internal/En
instanceKlass com/android/tools/r8/internal/hV
instanceKlass com/android/tools/r8/internal/x9
instanceKlass com/android/tools/r8/internal/Gt
instanceKlass com/android/tools/r8/internal/qr
instanceKlass com/android/tools/r8/internal/qs
instanceKlass com/android/tools/r8/internal/Ml0
instanceKlass com/android/tools/r8/internal/g9
instanceKlass com/android/tools/r8/internal/Ex
instanceKlass com/android/tools/r8/internal/J
instanceKlass com/android/tools/r8/internal/Lx
instanceKlass com/android/tools/r8/internal/YW
instanceKlass com/android/tools/r8/internal/Lq
instanceKlass com/android/tools/r8/internal/GX
instanceKlass com/android/tools/r8/position/TextRange
instanceKlass com/android/tools/r8/internal/Sv
instanceKlass com/android/tools/r8/internal/Ov
instanceKlass com/android/tools/r8/position/TextPosition
instanceKlass com/android/tools/r8/internal/rA
instanceKlass com/android/tools/r8/internal/Y7
instanceKlass com/android/tools/r8/internal/o8
instanceKlass com/android/tools/r8/internal/ty
instanceKlass com/android/tools/r8/internal/k9
instanceKlass com/android/tools/r8/internal/e9$a
instanceKlass com/android/tools/r8/graph/X5
instanceKlass com/android/tools/r8/utils/structural/u
instanceKlass com/android/tools/r8/internal/I
instanceKlass com/android/tools/r8/internal/Gb0
instanceKlass com/android/tools/r8/internal/oc0
instanceKlass com/android/tools/r8/internal/w5
instanceKlass com/android/tools/r8/internal/U
instanceKlass com/android/tools/r8/internal/ry
instanceKlass com/android/tools/r8/internal/Mx
instanceKlass com/android/tools/r8/graph/F$a
instanceKlass com/android/tools/r8/graph/i0
instanceKlass com/android/tools/r8/dex/code/d
instanceKlass com/android/tools/r8/internal/Ja
instanceKlass com/android/tools/r8/dex/code/b
instanceKlass com/android/tools/r8/internal/Ia
instanceKlass com/android/tools/r8/internal/x1
instanceKlass com/android/tools/r8/internal/lh0
instanceKlass com/android/tools/r8/internal/Ua
instanceKlass com/android/tools/r8/internal/bA
instanceKlass com/android/tools/r8/internal/Pz
instanceKlass com/android/tools/r8/internal/ZW
instanceKlass com/android/tools/r8/internal/Mq
instanceKlass com/android/tools/r8/internal/aA
instanceKlass com/android/tools/r8/internal/Va
instanceKlass com/android/tools/r8/graph/k4
instanceKlass com/android/tools/r8/internal/r1
instanceKlass com/android/tools/r8/graph/j4
instanceKlass com/android/tools/r8/internal/pC
instanceKlass com/android/tools/r8/internal/Qz
instanceKlass com/android/tools/r8/internal/gA
instanceKlass com/android/tools/r8/internal/Hg0
instanceKlass com/android/tools/r8/internal/Gg0
instanceKlass com/android/tools/r8/internal/Dq
instanceKlass com/android/tools/r8/internal/ZK
instanceKlass com/android/tools/r8/internal/qg0
instanceKlass com/android/tools/r8/references/MethodReference
instanceKlass com/android/tools/r8/internal/v9
instanceKlass com/android/tools/r8/dex/code/c
instanceKlass com/android/tools/r8/ir/optimize/info/y
instanceKlass com/android/tools/r8/internal/cO
instanceKlass com/android/tools/r8/internal/vp
instanceKlass com/android/tools/r8/internal/ln
instanceKlass com/android/tools/r8/internal/on
instanceKlass com/android/tools/r8/internal/h20
